<?xml version="1.0" encoding="UTF-8"?>
<!-- Generated by org.testng.reporters.JUnitXMLReporter -->
<testsuite ignored="0" hostname="EC2AMAZ-S11DBRH" failures="1" tests="1" name="Default test" time="13.205" errors="0" timestamp="2023-12-20T07:53:12 GMT">
  <testcase classname="io.cucumber.testng.AbstractTestNGCucumberTests" name="runScenario" time="12.272">
    <failure type="java.lang.NullPointerException" message="Cannot invoke &amp;quot;org.openqa.selenium.WebDriver.switchTo()&amp;quot; because &amp;quot;this.driver&amp;quot; is null">
      <![CDATA[java.lang.NullPointerException: Cannot invoke "org.openqa.selenium.WebDriver.switchTo()" because "this.driver" is null
at pages.ProductListPage.addToCart(ProductListPage.java:57)
at stepDefs.OrderStepDefs.user_add_item_to_cart(OrderStepDefs.java:44)
at ✽.User add item to cart(file:///C:/Users/Administrator/eclipse-workspace/CaseStudy/src/test/resources/features/placeOrder.feature:9)
]]>
    </failure>
  </testcase> <!-- runScenario -->
</testsuite> <!-- Default test -->
