<?xml version="1.0" encoding="UTF-8"?>
<!-- Generated by org.testng.reporters.JUnitReportReporter -->
<testsuite hostname="EC2AMAZ-S11DBRH" failures="0" tests="1" name="runners.MyTestRunner" time="12.272" errors="1" timestamp="2023-12-20T07:53:12 GMT" skipped="0">
  <testcase classname="runners.MyTestRunner" name="runScenario" time="12.272">
    <error message="Cannot invoke &quot;org.openqa.selenium.WebDriver.switchTo()&quot; because &quot;this.driver&quot; is null" type="java.lang.NullPointerException">
      <![CDATA[java.lang.NullPointerException: Cannot invoke "org.openqa.selenium.WebDriver.switchTo()" because "this.driver" is null
at pages.ProductListPage.addToCart(ProductListPage.java:57)
at stepDefs.OrderStepDefs.user_add_item_to_cart(OrderStepDefs.java:44)
at ✽.User add item to cart(file:///C:/Users/Administrator/eclipse-workspace/CaseStudy/src/test/resources/features/placeOrder.feature:9)
]]>
    </error>
  </testcase> <!-- runScenario -->
  <system-out/>
</testsuite> <!-- runners.MyTestRunner -->
